<?xml version="1.0" encoding="UTF-8"?>
<!-- Generated by org.testng.reporters.JUnitReportReporter -->
<testsuite skipped="0" hostname="nhirina-LT" name="practise.AppiumFramework.Ecommerce_tc_4Optimized" tests="1" failures="0" timestamp="2020-05-07T11:59:01 EDT" time="46.451" errors="0">
  <testcase name="totalValidation" time="46.451" classname="practise.AppiumFramework.Ecommerce_tc_4Optimized"/>
  <system-out/>
</testsuite> <!-- practise.AppiumFramework.Ecommerce_tc_4Optimized -->
