<?xml version="1.0" encoding="UTF-8"?>
<!-- Generated by org.testng.reporters.JUnitReportReporter -->
<testsuite skipped="0" hostname="nhirina-LT" name="practise.AppiumFramework.ApiDemoTest" tests="2" failures="0" timestamp="2020-05-07T11:59:01 EDT" time="58.217" errors="0">
  <testcase name="apiDemoTest" time="29.016" classname="practise.AppiumFramework.ApiDemoTest"/>
  <system-out/>
  <testcase name="apiDemoTest" time="29.201" classname="practise.AppiumFramework.ApiDemoTest"/>
  <system-out/>
</testsuite> <!-- practise.AppiumFramework.ApiDemoTest -->
