<?xml version="1.0" encoding="UTF-8"?>
<!-- Generated by org.testng.reporters.JUnitReportReporter -->
<testsuite skipped="0" hostname="nhirina-LT" name="practise.AppiumFramework.Ecommerce_tc_4Optimized" tests="1" failures="0" timestamp="07 May 2020 19:17:14 GMT" time="59.436" errors="0">
  <testcase name="totalValidation" time="59.436" classname="practise.AppiumFramework.Ecommerce_tc_4Optimized"/>
</testsuite> <!-- practise.AppiumFramework.Ecommerce_tc_4Optimized -->
