<?xml version="1.0" encoding="UTF-8"?>
<!-- Generated by org.testng.reporters.JUnitReportReporter -->
<testsuite skipped="0" hostname="nhirina-LT" name="practise.AppiumFramework.ApiDemoTest" tests="2" failures="0" timestamp="07 May 2020 19:17:14 GMT" time="74.139" errors="0">
  <testcase name="apiDemoTest" time="36.414" classname="practise.AppiumFramework.ApiDemoTest"/>
  <testcase name="apiDemoTest" time="37.725" classname="practise.AppiumFramework.ApiDemoTest"/>
</testsuite> <!-- practise.AppiumFramework.ApiDemoTest -->
